<?xml version="1.0" encoding="UTF-8"?>
<testsuite xmlns:xsi="http://www.w3.org/2001/XMLSchema-instance" xsi:noNamespaceSchemaLocation="https://maven.apache.org/surefire/maven-surefire-plugin/xsd/surefire-test-report.xsd" name="ui_demo.testcase.TestStock" time="45.465" tests="2" errors="0" skipped="0" failures="0">
  <properties>
    <property name="sun.desktop" value="windows"/>
    <property name="awt.toolkit" value="sun.awt.windows.WToolkit"/>
    <property name="file.encoding.pkg" value="sun.io"/>
    <property name="java.specification.version" value="1.8"/>
    <property name="sun.cpu.isalist" value="amd64"/>
    <property name="sun.jnu.encoding" value="GBK"/>
    <property name="java.class.path" value="E:\test_demo\target\test-classes;E:\test_demo\target\classes;C:\Users\Administrator.SKY-20171019WTT\.m2\repository\junit\junit\4.12\junit-4.12.jar;C:\Users\Administrator.SKY-20171019WTT\.m2\repository\org\junit\jupiter\junit-jupiter-params\5.7.2\junit-jupiter-params-5.7.2.jar;C:\Users\Administrator.SKY-20171019WTT\.m2\repository\org\apiguardian\apiguardian-api\1.1.0\apiguardian-api-1.1.0.jar;C:\Users\Administrator.SKY-20171019WTT\.m2\repository\com\fasterxml\jackson\dataformat\jackson-dataformat-yaml\2.8.3\jackson-dataformat-yaml-2.8.3.jar;C:\Users\Administrator.SKY-20171019WTT\.m2\repository\org\yaml\snakeyaml\1.15\snakeyaml-1.15.jar;C:\Users\Administrator.SKY-20171019WTT\.m2\repository\com\fasterxml\jackson\core\jackson-core\2.12.4\jackson-core-2.12.4.jar;C:\Users\Administrator.SKY-20171019WTT\.m2\repository\com\fasterxml\jackson\core\jackson-databind\2.12.4\jackson-databind-2.12.4.jar;C:\Users\Administrator.SKY-20171019WTT\.m2\repository\com\fasterxml\jackson\core\jackson-annotations\2.12.4\jackson-annotations-2.12.4.jar;C:\Users\Administrator.SKY-20171019WTT\.m2\repository\org\hamcrest\hamcrest-core\2.1\hamcrest-core-2.1.jar;C:\Users\Administrator.SKY-20171019WTT\.m2\repository\org\hamcrest\hamcrest\2.1\hamcrest-2.1.jar;C:\Users\Administrator.SKY-20171019WTT\.m2\repository\com\github\tomakehurst\wiremock-jre8\2.29.1\wiremock-jre8-2.29.1.jar;C:\Users\Administrator.SKY-20171019WTT\.m2\repository\org\eclipse\jetty\jetty-server\9.4.42.v20210604\jetty-server-9.4.42.v20210604.jar;C:\Users\Administrator.SKY-20171019WTT\.m2\repository\javax\servlet\javax.servlet-api\3.1.0\javax.servlet-api-3.1.0.jar;C:\Users\Administrator.SKY-20171019WTT\.m2\repository\org\eclipse\jetty\jetty-http\9.4.42.v20210604\jetty-http-9.4.42.v20210604.jar;C:\Users\Administrator.SKY-20171019WTT\.m2\repository\org\eclipse\jetty\jetty-io\9.4.42.v20210604\jetty-io-9.4.42.v20210604.jar;C:\Users\Administrator.SKY-20171019WTT\.m2\repository\org\eclipse\jetty\jetty-servlet\9.4.42.v20210604\jetty-servlet-9.4.42.v20210604.jar;C:\Users\Administrator.SKY-20171019WTT\.m2\repository\org\eclipse\jetty\jetty-security\9.4.42.v20210604\jetty-security-9.4.42.v20210604.jar;C:\Users\Administrator.SKY-20171019WTT\.m2\repository\org\eclipse\jetty\jetty-util-ajax\9.4.42.v20210604\jetty-util-ajax-9.4.42.v20210604.jar;C:\Users\Administrator.SKY-20171019WTT\.m2\repository\org\eclipse\jetty\jetty-servlets\9.4.42.v20210604\jetty-servlets-9.4.42.v20210604.jar;C:\Users\Administrator.SKY-20171019WTT\.m2\repository\org\eclipse\jetty\jetty-continuation\9.4.42.v20210604\jetty-continuation-9.4.42.v20210604.jar;C:\Users\Administrator.SKY-20171019WTT\.m2\repository\org\eclipse\jetty\jetty-util\9.4.42.v20210604\jetty-util-9.4.42.v20210604.jar;C:\Users\Administrator.SKY-20171019WTT\.m2\repository\org\eclipse\jetty\jetty-webapp\9.4.42.v20210604\jetty-webapp-9.4.42.v20210604.jar;C:\Users\Administrator.SKY-20171019WTT\.m2\repository\org\eclipse\jetty\jetty-xml\9.4.42.v20210604\jetty-xml-9.4.42.v20210604.jar;C:\Users\Administrator.SKY-20171019WTT\.m2\repository\org\eclipse\jetty\jetty-proxy\9.4.42.v20210604\jetty-proxy-9.4.42.v20210604.jar;C:\Users\Administrator.SKY-20171019WTT\.m2\repository\org\eclipse\jetty\jetty-client\9.4.42.v20210604\jetty-client-9.4.42.v20210604.jar;C:\Users\Administrator.SKY-20171019WTT\.m2\repository\org\eclipse\jetty\http2\http2-server\9.4.42.v20210604\http2-server-9.4.42.v20210604.jar;C:\Users\Administrator.SKY-20171019WTT\.m2\repository\org\eclipse\jetty\http2\http2-common\9.4.42.v20210604\http2-common-9.4.42.v20210604.jar;C:\Users\Administrator.SKY-20171019WTT\.m2\repository\org\eclipse\jetty\http2\http2-hpack\9.4.42.v20210604\http2-hpack-9.4.42.v20210604.jar;C:\Users\Administrator.SKY-20171019WTT\.m2\repository\org\eclipse\jetty\jetty-alpn-server\9.4.42.v20210604\jetty-alpn-server-9.4.42.v20210604.jar;C:\Users\Administrator.SKY-20171019WTT\.m2\repository\org\eclipse\jetty\jetty-alpn-conscrypt-server\9.4.42.v20210604\jetty-alpn-conscrypt-server-9.4.42.v20210604.jar;C:\Users\Administrator.SKY-20171019WTT\.m2\repository\org\eclipse\jetty\jetty-alpn-conscrypt-client\9.4.42.v20210604\jetty-alpn-conscrypt-client-9.4.42.v20210604.jar;C:\Users\Administrator.SKY-20171019WTT\.m2\repository\org\eclipse\jetty\jetty-alpn-client\9.4.42.v20210604\jetty-alpn-client-9.4.42.v20210604.jar;C:\Users\Administrator.SKY-20171019WTT\.m2\repository\org\conscrypt\conscrypt-openjdk-uber\2.5.2\conscrypt-openjdk-uber-2.5.2.jar;C:\Users\Administrator.SKY-20171019WTT\.m2\repository\com\google\guava\guava\30.1.1-jre\guava-30.1.1-jre.jar;C:\Users\Administrator.SKY-20171019WTT\.m2\repository\com\google\guava\failureaccess\1.0.1\failureaccess-1.0.1.jar;C:\Users\Administrator.SKY-20171019WTT\.m2\repository\com\google\guava\listenablefuture\9999.0-empty-to-avoid-conflict-with-guava\listenablefuture-9999.0-empty-to-avoid-conflict-with-guava.jar;C:\Users\Administrator.SKY-20171019WTT\.m2\repository\com\google\code\findbugs\jsr305\3.0.2\jsr305-3.0.2.jar;C:\Users\Administrator.SKY-20171019WTT\.m2\repository\org\checkerframework\checker-qual\3.8.0\checker-qual-3.8.0.jar;C:\Users\Administrator.SKY-20171019WTT\.m2\repository\com\google\errorprone\error_prone_annotations\2.5.1\error_prone_annotations-2.5.1.jar;C:\Users\Administrator.SKY-20171019WTT\.m2\repository\com\google\j2objc\j2objc-annotations\1.3\j2objc-annotations-1.3.jar;C:\Users\Administrator.SKY-20171019WTT\.m2\repository\org\apache\httpcomponents\httpclient\4.5.13\httpclient-4.5.13.jar;C:\Users\Administrator.SKY-20171019WTT\.m2\repository\org\apache\httpcomponents\httpcore\4.4.13\httpcore-4.4.13.jar;C:\Users\Administrator.SKY-20171019WTT\.m2\repository\commons-logging\commons-logging\1.2\commons-logging-1.2.jar;C:\Users\Administrator.SKY-20171019WTT\.m2\repository\commons-codec\commons-codec\1.11\commons-codec-1.11.jar;C:\Users\Administrator.SKY-20171019WTT\.m2\repository\org\xmlunit\xmlunit-core\2.8.2\xmlunit-core-2.8.2.jar;C:\Users\Administrator.SKY-20171019WTT\.m2\repository\org\xmlunit\xmlunit-legacy\2.8.2\xmlunit-legacy-2.8.2.jar;C:\Users\Administrator.SKY-20171019WTT\.m2\repository\org\xmlunit\xmlunit-placeholders\2.8.2\xmlunit-placeholders-2.8.2.jar;C:\Users\Administrator.SKY-20171019WTT\.m2\repository\net\javacrumbs\json-unit\json-unit-core\2.27.0\json-unit-core-2.27.0.jar;C:\Users\Administrator.SKY-20171019WTT\.m2\repository\com\jayway\jsonpath\json-path\2.6.0\json-path-2.6.0.jar;C:\Users\Administrator.SKY-20171019WTT\.m2\repository\net\minidev\json-smart\2.4.7\json-smart-2.4.7.jar;C:\Users\Administrator.SKY-20171019WTT\.m2\repository\net\minidev\accessors-smart\2.4.7\accessors-smart-2.4.7.jar;C:\Users\Administrator.SKY-20171019WTT\.m2\repository\org\ow2\asm\asm\9.2\asm-9.2.jar;C:\Users\Administrator.SKY-20171019WTT\.m2\repository\org\slf4j\slf4j-api\1.7.31\slf4j-api-1.7.31.jar;C:\Users\Administrator.SKY-20171019WTT\.m2\repository\net\sf\jopt-simple\jopt-simple\5.0.4\jopt-simple-5.0.4.jar;C:\Users\Administrator.SKY-20171019WTT\.m2\repository\org\apache\commons\commons-lang3\3.12.0\commons-lang3-3.12.0.jar;C:\Users\Administrator.SKY-20171019WTT\.m2\repository\com\github\jknack\handlebars\4.2.0\handlebars-4.2.0.jar;C:\Users\Administrator.SKY-20171019WTT\.m2\repository\com\github\jknack\handlebars-helpers\4.2.0\handlebars-helpers-4.2.0.jar;C:\Users\Administrator.SKY-20171019WTT\.m2\repository\commons-fileupload\commons-fileupload\1.4\commons-fileupload-1.4.jar;C:\Users\Administrator.SKY-20171019WTT\.m2\repository\commons-io\commons-io\2.10.0\commons-io-2.10.0.jar;C:\Users\Administrator.SKY-20171019WTT\.m2\repository\io\rest-assured\rest-assured\4.4.0\rest-assured-4.4.0.jar;C:\Users\Administrator.SKY-20171019WTT\.m2\repository\org\codehaus\groovy\groovy\3.0.8\groovy-3.0.8.jar;C:\Users\Administrator.SKY-20171019WTT\.m2\repository\org\codehaus\groovy\groovy-xml\3.0.8\groovy-xml-3.0.8.jar;C:\Users\Administrator.SKY-20171019WTT\.m2\repository\org\apache\httpcomponents\httpmime\4.5.13\httpmime-4.5.13.jar;C:\Users\Administrator.SKY-20171019WTT\.m2\repository\org\ccil\cowan\tagsoup\tagsoup\1.2.1\tagsoup-1.2.1.jar;C:\Users\Administrator.SKY-20171019WTT\.m2\repository\io\rest-assured\json-path\4.4.0\json-path-4.4.0.jar;C:\Users\Administrator.SKY-20171019WTT\.m2\repository\org\codehaus\groovy\groovy-json\3.0.8\groovy-json-3.0.8.jar;C:\Users\Administrator.SKY-20171019WTT\.m2\repository\io\rest-assured\rest-assured-common\4.4.0\rest-assured-common-4.4.0.jar;C:\Users\Administrator.SKY-20171019WTT\.m2\repository\io\rest-assured\xml-path\4.4.0\xml-path-4.4.0.jar;C:\Users\Administrator.SKY-20171019WTT\.m2\repository\jakarta\xml\bind\jakarta.xml.bind-api\2.3.3\jakarta.xml.bind-api-2.3.3.jar;C:\Users\Administrator.SKY-20171019WTT\.m2\repository\jakarta\activation\jakarta.activation-api\1.2.2\jakarta.activation-api-1.2.2.jar;C:\Users\Administrator.SKY-20171019WTT\.m2\repository\com\sun\xml\bind\jaxb-impl\2.3.3\jaxb-impl-2.3.3.jar;C:\Users\Administrator.SKY-20171019WTT\.m2\repository\org\seleniumhq\selenium\selenium-java\3.141.0\selenium-java-3.141.0.jar;C:\Users\Administrator.SKY-20171019WTT\.m2\repository\org\seleniumhq\selenium\selenium-api\3.141.0\selenium-api-3.141.0.jar;C:\Users\Administrator.SKY-20171019WTT\.m2\repository\org\seleniumhq\selenium\selenium-chrome-driver\3.141.0\selenium-chrome-driver-3.141.0.jar;C:\Users\Administrator.SKY-20171019WTT\.m2\repository\org\seleniumhq\selenium\selenium-edge-driver\3.141.0\selenium-edge-driver-3.141.0.jar;C:\Users\Administrator.SKY-20171019WTT\.m2\repository\org\seleniumhq\selenium\selenium-firefox-driver\3.141.0\selenium-firefox-driver-3.141.0.jar;C:\Users\Administrator.SKY-20171019WTT\.m2\repository\org\seleniumhq\selenium\selenium-ie-driver\3.141.0\selenium-ie-driver-3.141.0.jar;C:\Users\Administrator.SKY-20171019WTT\.m2\repository\org\seleniumhq\selenium\selenium-opera-driver\3.141.0\selenium-opera-driver-3.141.0.jar;C:\Users\Administrator.SKY-20171019WTT\.m2\repository\org\seleniumhq\selenium\selenium-remote-driver\3.141.0\selenium-remote-driver-3.141.0.jar;C:\Users\Administrator.SKY-20171019WTT\.m2\repository\org\seleniumhq\selenium\selenium-safari-driver\3.141.0\selenium-safari-driver-3.141.0.jar;C:\Users\Administrator.SKY-20171019WTT\.m2\repository\org\seleniumhq\selenium\selenium-support\3.141.0\selenium-support-3.141.0.jar;C:\Users\Administrator.SKY-20171019WTT\.m2\repository\net\bytebuddy\byte-buddy\1.8.15\byte-buddy-1.8.15.jar;C:\Users\Administrator.SKY-20171019WTT\.m2\repository\org\apache\commons\commons-exec\1.3\commons-exec-1.3.jar;C:\Users\Administrator.SKY-20171019WTT\.m2\repository\com\squareup\okhttp3\okhttp\3.11.0\okhttp-3.11.0.jar;C:\Users\Administrator.SKY-20171019WTT\.m2\repository\com\squareup\okio\okio\1.14.0\okio-1.14.0.jar;C:\Users\Administrator.SKY-20171019WTT\.m2\repository\io\appium\java-client\7.2.0\java-client-7.2.0.jar;C:\Users\Administrator.SKY-20171019WTT\.m2\repository\com\google\code\gson\gson\2.8.5\gson-2.8.5.jar;C:\Users\Administrator.SKY-20171019WTT\.m2\repository\cglib\cglib\3.2.12\cglib-3.2.12.jar;C:\Users\Administrator.SKY-20171019WTT\.m2\repository\commons-validator\commons-validator\1.6\commons-validator-1.6.jar;C:\Users\Administrator.SKY-20171019WTT\.m2\repository\commons-beanutils\commons-beanutils\1.9.2\commons-beanutils-1.9.2.jar;C:\Users\Administrator.SKY-20171019WTT\.m2\repository\commons-digester\commons-digester\1.8.1\commons-digester-1.8.1.jar;C:\Users\Administrator.SKY-20171019WTT\.m2\repository\commons-collections\commons-collections\3.2.2\commons-collections-3.2.2.jar;C:\Users\Administrator.SKY-20171019WTT\.m2\repository\org\springframework\spring-context\5.1.8.RELEASE\spring-context-5.1.8.RELEASE.jar;C:\Users\Administrator.SKY-20171019WTT\.m2\repository\org\springframework\spring-aop\5.1.8.RELEASE\spring-aop-5.1.8.RELEASE.jar;C:\Users\Administrator.SKY-20171019WTT\.m2\repository\org\springframework\spring-beans\5.1.8.RELEASE\spring-beans-5.1.8.RELEASE.jar;C:\Users\Administrator.SKY-20171019WTT\.m2\repository\org\springframework\spring-core\5.1.8.RELEASE\spring-core-5.1.8.RELEASE.jar;C:\Users\Administrator.SKY-20171019WTT\.m2\repository\org\springframework\spring-jcl\5.1.8.RELEASE\spring-jcl-5.1.8.RELEASE.jar;C:\Users\Administrator.SKY-20171019WTT\.m2\repository\org\springframework\spring-expression\5.1.8.RELEASE\spring-expression-5.1.8.RELEASE.jar;C:\Users\Administrator.SKY-20171019WTT\.m2\repository\org\aspectj\aspectjweaver\1.9.4\aspectjweaver-1.9.4.jar;C:\Users\Administrator.SKY-20171019WTT\.m2\repository\org\junit\jupiter\junit-jupiter-api\5.7.2\junit-jupiter-api-5.7.2.jar;C:\Users\Administrator.SKY-20171019WTT\.m2\repository\org\opentest4j\opentest4j\1.2.0\opentest4j-1.2.0.jar;C:\Users\Administrator.SKY-20171019WTT\.m2\repository\org\junit\platform\junit-platform-commons\1.7.2\junit-platform-commons-1.7.2.jar;C:\Users\Administrator.SKY-20171019WTT\.m2\repository\org\junit\jupiter\junit-jupiter-engine\5.7.2\junit-jupiter-engine-5.7.2.jar;C:\Users\Administrator.SKY-20171019WTT\.m2\repository\org\junit\platform\junit-platform-engine\1.7.2\junit-platform-engine-1.7.2.jar;C:\Users\Administrator.SKY-20171019WTT\.m2\repository\org\apache\maven\plugins\maven-compiler-plugin\3.8.1\maven-compiler-plugin-3.8.1.jar;C:\Users\Administrator.SKY-20171019WTT\.m2\repository\org\apache\maven\maven-plugin-api\3.0\maven-plugin-api-3.0.jar;C:\Users\Administrator.SKY-20171019WTT\.m2\repository\org\apache\maven\maven-model\3.0\maven-model-3.0.jar;C:\Users\Administrator.SKY-20171019WTT\.m2\repository\org\sonatype\sisu\sisu-inject-plexus\1.4.2\sisu-inject-plexus-1.4.2.jar;C:\Users\Administrator.SKY-20171019WTT\.m2\repository\org\sonatype\sisu\sisu-inject-bean\1.4.2\sisu-inject-bean-1.4.2.jar;C:\Users\Administrator.SKY-20171019WTT\.m2\repository\org\sonatype\sisu\sisu-guice\2.1.7\sisu-guice-2.1.7-noaop.jar;C:\Users\Administrator.SKY-20171019WTT\.m2\repository\org\apache\maven\maven-artifact\3.0\maven-artifact-3.0.jar;C:\Users\Administrator.SKY-20171019WTT\.m2\repository\org\codehaus\plexus\plexus-utils\2.0.4\plexus-utils-2.0.4.jar;C:\Users\Administrator.SKY-20171019WTT\.m2\repository\org\apache\maven\maven-core\3.0\maven-core-3.0.jar;C:\Users\Administrator.SKY-20171019WTT\.m2\repository\org\apache\maven\maven-settings\3.0\maven-settings-3.0.jar;C:\Users\Administrator.SKY-20171019WTT\.m2\repository\org\apache\maven\maven-settings-builder\3.0\maven-settings-builder-3.0.jar;C:\Users\Administrator.SKY-20171019WTT\.m2\repository\org\apache\maven\maven-repository-metadata\3.0\maven-repository-metadata-3.0.jar;C:\Users\Administrator.SKY-20171019WTT\.m2\repository\org\apache\maven\maven-model-builder\3.0\maven-model-builder-3.0.jar;C:\Users\Administrator.SKY-20171019WTT\.m2\repository\org\apache\maven\maven-aether-provider\3.0\maven-aether-provider-3.0.jar;C:\Users\Administrator.SKY-20171019WTT\.m2\repository\org\sonatype\aether\aether-impl\1.7\aether-impl-1.7.jar;C:\Users\Administrator.SKY-20171019WTT\.m2\repository\org\sonatype\aether\aether-spi\1.7\aether-spi-1.7.jar;C:\Users\Administrator.SKY-20171019WTT\.m2\repository\org\sonatype\aether\aether-api\1.7\aether-api-1.7.jar;C:\Users\Administrator.SKY-20171019WTT\.m2\repository\org\sonatype\aether\aether-util\1.7\aether-util-1.7.jar;C:\Users\Administrator.SKY-20171019WTT\.m2\repository\org\codehaus\plexus\plexus-interpolation\1.14\plexus-interpolation-1.14.jar;C:\Users\Administrator.SKY-20171019WTT\.m2\repository\org\codehaus\plexus\plexus-classworlds\2.2.3\plexus-classworlds-2.2.3.jar;C:\Users\Administrator.SKY-20171019WTT\.m2\repository\org\codehaus\plexus\plexus-component-annotations\1.5.5\plexus-component-annotations-1.5.5.jar;C:\Users\Administrator.SKY-20171019WTT\.m2\repository\org\sonatype\plexus\plexus-sec-dispatcher\1.3\plexus-sec-dispatcher-1.3.jar;C:\Users\Administrator.SKY-20171019WTT\.m2\repository\org\sonatype\plexus\plexus-cipher\1.4\plexus-cipher-1.4.jar;C:\Users\Administrator.SKY-20171019WTT\.m2\repository\org\apache\maven\shared\maven-shared-utils\3.2.1\maven-shared-utils-3.2.1.jar;C:\Users\Administrator.SKY-20171019WTT\.m2\repository\org\apache\maven\shared\maven-shared-incremental\1.1\maven-shared-incremental-1.1.jar;C:\Users\Administrator.SKY-20171019WTT\.m2\repository\org\codehaus\plexus\plexus-java\0.9.10\plexus-java-0.9.10.jar;C:\Users\Administrator.SKY-20171019WTT\.m2\repository\com\thoughtworks\qdox\qdox\2.0-M8\qdox-2.0-M8.jar;C:\Users\Administrator.SKY-20171019WTT\.m2\repository\org\codehaus\plexus\plexus-compiler-api\2.8.4\plexus-compiler-api-2.8.4.jar;C:\Users\Administrator.SKY-20171019WTT\.m2\repository\org\codehaus\plexus\plexus-compiler-manager\2.8.4\plexus-compiler-manager-2.8.4.jar;C:\Users\Administrator.SKY-20171019WTT\.m2\repository\org\codehaus\plexus\plexus-compiler-javac\2.8.4\plexus-compiler-javac-2.8.4.jar;"/>
    <property name="java.vm.vendor" value="Oracle Corporation"/>
    <property name="sun.arch.data.model" value="64"/>
    <property name="user.variant" value=""/>
    <property name="java.vendor.url" value="http://java.oracle.com/"/>
    <property name="user.timezone" value="Asia/Shanghai"/>
    <property name="java.vm.specification.version" value="1.8"/>
    <property name="os.name" value="Windows 7"/>
    <property name="user.country" value="CN"/>
    <property name="sun.java.launcher" value="SUN_STANDARD"/>
    <property name="sun.boot.library.path" value="C:\Program Files\Java\jdk1.8.0_151\jre\bin"/>
    <property name="sun.java.command" value="C:\Users\ADMINI~1.SKY\AppData\Local\Temp\surefire4128952048726713123\surefirebooter8277805004845526583.jar C:\Users\Administrator.SKY-20171019WTT\AppData\Local\Temp\surefire4128952048726713123 2021-08-11T17-23-20_524-jvmRun1 surefire1590439769611230086tmp surefire_01580975593673704227tmp"/>
    <property name="surefire.test.class.path" value="E:\test_demo\target\test-classes;E:\test_demo\target\classes;C:\Users\Administrator.SKY-20171019WTT\.m2\repository\junit\junit\4.12\junit-4.12.jar;C:\Users\Administrator.SKY-20171019WTT\.m2\repository\org\junit\jupiter\junit-jupiter-params\5.7.2\junit-jupiter-params-5.7.2.jar;C:\Users\Administrator.SKY-20171019WTT\.m2\repository\org\apiguardian\apiguardian-api\1.1.0\apiguardian-api-1.1.0.jar;C:\Users\Administrator.SKY-20171019WTT\.m2\repository\com\fasterxml\jackson\dataformat\jackson-dataformat-yaml\2.8.3\jackson-dataformat-yaml-2.8.3.jar;C:\Users\Administrator.SKY-20171019WTT\.m2\repository\org\yaml\snakeyaml\1.15\snakeyaml-1.15.jar;C:\Users\Administrator.SKY-20171019WTT\.m2\repository\com\fasterxml\jackson\core\jackson-core\2.12.4\jackson-core-2.12.4.jar;C:\Users\Administrator.SKY-20171019WTT\.m2\repository\com\fasterxml\jackson\core\jackson-databind\2.12.4\jackson-databind-2.12.4.jar;C:\Users\Administrator.SKY-20171019WTT\.m2\repository\com\fasterxml\jackson\core\jackson-annotations\2.12.4\jackson-annotations-2.12.4.jar;C:\Users\Administrator.SKY-20171019WTT\.m2\repository\org\hamcrest\hamcrest-core\2.1\hamcrest-core-2.1.jar;C:\Users\Administrator.SKY-20171019WTT\.m2\repository\org\hamcrest\hamcrest\2.1\hamcrest-2.1.jar;C:\Users\Administrator.SKY-20171019WTT\.m2\repository\com\github\tomakehurst\wiremock-jre8\2.29.1\wiremock-jre8-2.29.1.jar;C:\Users\Administrator.SKY-20171019WTT\.m2\repository\org\eclipse\jetty\jetty-server\9.4.42.v20210604\jetty-server-9.4.42.v20210604.jar;C:\Users\Administrator.SKY-20171019WTT\.m2\repository\javax\servlet\javax.servlet-api\3.1.0\javax.servlet-api-3.1.0.jar;C:\Users\Administrator.SKY-20171019WTT\.m2\repository\org\eclipse\jetty\jetty-http\9.4.42.v20210604\jetty-http-9.4.42.v20210604.jar;C:\Users\Administrator.SKY-20171019WTT\.m2\repository\org\eclipse\jetty\jetty-io\9.4.42.v20210604\jetty-io-9.4.42.v20210604.jar;C:\Users\Administrator.SKY-20171019WTT\.m2\repository\org\eclipse\jetty\jetty-servlet\9.4.42.v20210604\jetty-servlet-9.4.42.v20210604.jar;C:\Users\Administrator.SKY-20171019WTT\.m2\repository\org\eclipse\jetty\jetty-security\9.4.42.v20210604\jetty-security-9.4.42.v20210604.jar;C:\Users\Administrator.SKY-20171019WTT\.m2\repository\org\eclipse\jetty\jetty-util-ajax\9.4.42.v20210604\jetty-util-ajax-9.4.42.v20210604.jar;C:\Users\Administrator.SKY-20171019WTT\.m2\repository\org\eclipse\jetty\jetty-servlets\9.4.42.v20210604\jetty-servlets-9.4.42.v20210604.jar;C:\Users\Administrator.SKY-20171019WTT\.m2\repository\org\eclipse\jetty\jetty-continuation\9.4.42.v20210604\jetty-continuation-9.4.42.v20210604.jar;C:\Users\Administrator.SKY-20171019WTT\.m2\repository\org\eclipse\jetty\jetty-util\9.4.42.v20210604\jetty-util-9.4.42.v20210604.jar;C:\Users\Administrator.SKY-20171019WTT\.m2\repository\org\eclipse\jetty\jetty-webapp\9.4.42.v20210604\jetty-webapp-9.4.42.v20210604.jar;C:\Users\Administrator.SKY-20171019WTT\.m2\repository\org\eclipse\jetty\jetty-xml\9.4.42.v20210604\jetty-xml-9.4.42.v20210604.jar;C:\Users\Administrator.SKY-20171019WTT\.m2\repository\org\eclipse\jetty\jetty-proxy\9.4.42.v20210604\jetty-proxy-9.4.42.v20210604.jar;C:\Users\Administrator.SKY-20171019WTT\.m2\repository\org\eclipse\jetty\jetty-client\9.4.42.v20210604\jetty-client-9.4.42.v20210604.jar;C:\Users\Administrator.SKY-20171019WTT\.m2\repository\org\eclipse\jetty\http2\http2-server\9.4.42.v20210604\http2-server-9.4.42.v20210604.jar;C:\Users\Administrator.SKY-20171019WTT\.m2\repository\org\eclipse\jetty\http2\http2-common\9.4.42.v20210604\http2-common-9.4.42.v20210604.jar;C:\Users\Administrator.SKY-20171019WTT\.m2\repository\org\eclipse\jetty\http2\http2-hpack\9.4.42.v20210604\http2-hpack-9.4.42.v20210604.jar;C:\Users\Administrator.SKY-20171019WTT\.m2\repository\org\eclipse\jetty\jetty-alpn-server\9.4.42.v20210604\jetty-alpn-server-9.4.42.v20210604.jar;C:\Users\Administrator.SKY-20171019WTT\.m2\repository\org\eclipse\jetty\jetty-alpn-conscrypt-server\9.4.42.v20210604\jetty-alpn-conscrypt-server-9.4.42.v20210604.jar;C:\Users\Administrator.SKY-20171019WTT\.m2\repository\org\eclipse\jetty\jetty-alpn-conscrypt-client\9.4.42.v20210604\jetty-alpn-conscrypt-client-9.4.42.v20210604.jar;C:\Users\Administrator.SKY-20171019WTT\.m2\repository\org\eclipse\jetty\jetty-alpn-client\9.4.42.v20210604\jetty-alpn-client-9.4.42.v20210604.jar;C:\Users\Administrator.SKY-20171019WTT\.m2\repository\org\conscrypt\conscrypt-openjdk-uber\2.5.2\conscrypt-openjdk-uber-2.5.2.jar;C:\Users\Administrator.SKY-20171019WTT\.m2\repository\com\google\guava\guava\30.1.1-jre\guava-30.1.1-jre.jar;C:\Users\Administrator.SKY-20171019WTT\.m2\repository\com\google\guava\failureaccess\1.0.1\failureaccess-1.0.1.jar;C:\Users\Administrator.SKY-20171019WTT\.m2\repository\com\google\guava\listenablefuture\9999.0-empty-to-avoid-conflict-with-guava\listenablefuture-9999.0-empty-to-avoid-conflict-with-guava.jar;C:\Users\Administrator.SKY-20171019WTT\.m2\repository\com\google\code\findbugs\jsr305\3.0.2\jsr305-3.0.2.jar;C:\Users\Administrator.SKY-20171019WTT\.m2\repository\org\checkerframework\checker-qual\3.8.0\checker-qual-3.8.0.jar;C:\Users\Administrator.SKY-20171019WTT\.m2\repository\com\google\errorprone\error_prone_annotations\2.5.1\error_prone_annotations-2.5.1.jar;C:\Users\Administrator.SKY-20171019WTT\.m2\repository\com\google\j2objc\j2objc-annotations\1.3\j2objc-annotations-1.3.jar;C:\Users\Administrator.SKY-20171019WTT\.m2\repository\org\apache\httpcomponents\httpclient\4.5.13\httpclient-4.5.13.jar;C:\Users\Administrator.SKY-20171019WTT\.m2\repository\org\apache\httpcomponents\httpcore\4.4.13\httpcore-4.4.13.jar;C:\Users\Administrator.SKY-20171019WTT\.m2\repository\commons-logging\commons-logging\1.2\commons-logging-1.2.jar;C:\Users\Administrator.SKY-20171019WTT\.m2\repository\commons-codec\commons-codec\1.11\commons-codec-1.11.jar;C:\Users\Administrator.SKY-20171019WTT\.m2\repository\org\xmlunit\xmlunit-core\2.8.2\xmlunit-core-2.8.2.jar;C:\Users\Administrator.SKY-20171019WTT\.m2\repository\org\xmlunit\xmlunit-legacy\2.8.2\xmlunit-legacy-2.8.2.jar;C:\Users\Administrator.SKY-20171019WTT\.m2\repository\org\xmlunit\xmlunit-placeholders\2.8.2\xmlunit-placeholders-2.8.2.jar;C:\Users\Administrator.SKY-20171019WTT\.m2\repository\net\javacrumbs\json-unit\json-unit-core\2.27.0\json-unit-core-2.27.0.jar;C:\Users\Administrator.SKY-20171019WTT\.m2\repository\com\jayway\jsonpath\json-path\2.6.0\json-path-2.6.0.jar;C:\Users\Administrator.SKY-20171019WTT\.m2\repository\net\minidev\json-smart\2.4.7\json-smart-2.4.7.jar;C:\Users\Administrator.SKY-20171019WTT\.m2\repository\net\minidev\accessors-smart\2.4.7\accessors-smart-2.4.7.jar;C:\Users\Administrator.SKY-20171019WTT\.m2\repository\org\ow2\asm\asm\9.2\asm-9.2.jar;C:\Users\Administrator.SKY-20171019WTT\.m2\repository\org\slf4j\slf4j-api\1.7.31\slf4j-api-1.7.31.jar;C:\Users\Administrator.SKY-20171019WTT\.m2\repository\net\sf\jopt-simple\jopt-simple\5.0.4\jopt-simple-5.0.4.jar;C:\Users\Administrator.SKY-20171019WTT\.m2\repository\org\apache\commons\commons-lang3\3.12.0\commons-lang3-3.12.0.jar;C:\Users\Administrator.SKY-20171019WTT\.m2\repository\com\github\jknack\handlebars\4.2.0\handlebars-4.2.0.jar;C:\Users\Administrator.SKY-20171019WTT\.m2\repository\com\github\jknack\handlebars-helpers\4.2.0\handlebars-helpers-4.2.0.jar;C:\Users\Administrator.SKY-20171019WTT\.m2\repository\commons-fileupload\commons-fileupload\1.4\commons-fileupload-1.4.jar;C:\Users\Administrator.SKY-20171019WTT\.m2\repository\commons-io\commons-io\2.10.0\commons-io-2.10.0.jar;C:\Users\Administrator.SKY-20171019WTT\.m2\repository\io\rest-assured\rest-assured\4.4.0\rest-assured-4.4.0.jar;C:\Users\Administrator.SKY-20171019WTT\.m2\repository\org\codehaus\groovy\groovy\3.0.8\groovy-3.0.8.jar;C:\Users\Administrator.SKY-20171019WTT\.m2\repository\org\codehaus\groovy\groovy-xml\3.0.8\groovy-xml-3.0.8.jar;C:\Users\Administrator.SKY-20171019WTT\.m2\repository\org\apache\httpcomponents\httpmime\4.5.13\httpmime-4.5.13.jar;C:\Users\Administrator.SKY-20171019WTT\.m2\repository\org\ccil\cowan\tagsoup\tagsoup\1.2.1\tagsoup-1.2.1.jar;C:\Users\Administrator.SKY-20171019WTT\.m2\repository\io\rest-assured\json-path\4.4.0\json-path-4.4.0.jar;C:\Users\Administrator.SKY-20171019WTT\.m2\repository\org\codehaus\groovy\groovy-json\3.0.8\groovy-json-3.0.8.jar;C:\Users\Administrator.SKY-20171019WTT\.m2\repository\io\rest-assured\rest-assured-common\4.4.0\rest-assured-common-4.4.0.jar;C:\Users\Administrator.SKY-20171019WTT\.m2\repository\io\rest-assured\xml-path\4.4.0\xml-path-4.4.0.jar;C:\Users\Administrator.SKY-20171019WTT\.m2\repository\jakarta\xml\bind\jakarta.xml.bind-api\2.3.3\jakarta.xml.bind-api-2.3.3.jar;C:\Users\Administrator.SKY-20171019WTT\.m2\repository\jakarta\activation\jakarta.activation-api\1.2.2\jakarta.activation-api-1.2.2.jar;C:\Users\Administrator.SKY-20171019WTT\.m2\repository\com\sun\xml\bind\jaxb-impl\2.3.3\jaxb-impl-2.3.3.jar;C:\Users\Administrator.SKY-20171019WTT\.m2\repository\org\seleniumhq\selenium\selenium-java\3.141.0\selenium-java-3.141.0.jar;C:\Users\Administrator.SKY-20171019WTT\.m2\repository\org\seleniumhq\selenium\selenium-api\3.141.0\selenium-api-3.141.0.jar;C:\Users\Administrator.SKY-20171019WTT\.m2\repository\org\seleniumhq\selenium\selenium-chrome-driver\3.141.0\selenium-chrome-driver-3.141.0.jar;C:\Users\Administrator.SKY-20171019WTT\.m2\repository\org\seleniumhq\selenium\selenium-edge-driver\3.141.0\selenium-edge-driver-3.141.0.jar;C:\Users\Administrator.SKY-20171019WTT\.m2\repository\org\seleniumhq\selenium\selenium-firefox-driver\3.141.0\selenium-firefox-driver-3.141.0.jar;C:\Users\Administrator.SKY-20171019WTT\.m2\repository\org\seleniumhq\selenium\selenium-ie-driver\3.141.0\selenium-ie-driver-3.141.0.jar;C:\Users\Administrator.SKY-20171019WTT\.m2\repository\org\seleniumhq\selenium\selenium-opera-driver\3.141.0\selenium-opera-driver-3.141.0.jar;C:\Users\Administrator.SKY-20171019WTT\.m2\repository\org\seleniumhq\selenium\selenium-remote-driver\3.141.0\selenium-remote-driver-3.141.0.jar;C:\Users\Administrator.SKY-20171019WTT\.m2\repository\org\seleniumhq\selenium\selenium-safari-driver\3.141.0\selenium-safari-driver-3.141.0.jar;C:\Users\Administrator.SKY-20171019WTT\.m2\repository\org\seleniumhq\selenium\selenium-support\3.141.0\selenium-support-3.141.0.jar;C:\Users\Administrator.SKY-20171019WTT\.m2\repository\net\bytebuddy\byte-buddy\1.8.15\byte-buddy-1.8.15.jar;C:\Users\Administrator.SKY-20171019WTT\.m2\repository\org\apache\commons\commons-exec\1.3\commons-exec-1.3.jar;C:\Users\Administrator.SKY-20171019WTT\.m2\repository\com\squareup\okhttp3\okhttp\3.11.0\okhttp-3.11.0.jar;C:\Users\Administrator.SKY-20171019WTT\.m2\repository\com\squareup\okio\okio\1.14.0\okio-1.14.0.jar;C:\Users\Administrator.SKY-20171019WTT\.m2\repository\io\appium\java-client\7.2.0\java-client-7.2.0.jar;C:\Users\Administrator.SKY-20171019WTT\.m2\repository\com\google\code\gson\gson\2.8.5\gson-2.8.5.jar;C:\Users\Administrator.SKY-20171019WTT\.m2\repository\cglib\cglib\3.2.12\cglib-3.2.12.jar;C:\Users\Administrator.SKY-20171019WTT\.m2\repository\commons-validator\commons-validator\1.6\commons-validator-1.6.jar;C:\Users\Administrator.SKY-20171019WTT\.m2\repository\commons-beanutils\commons-beanutils\1.9.2\commons-beanutils-1.9.2.jar;C:\Users\Administrator.SKY-20171019WTT\.m2\repository\commons-digester\commons-digester\1.8.1\commons-digester-1.8.1.jar;C:\Users\Administrator.SKY-20171019WTT\.m2\repository\commons-collections\commons-collections\3.2.2\commons-collections-3.2.2.jar;C:\Users\Administrator.SKY-20171019WTT\.m2\repository\org\springframework\spring-context\5.1.8.RELEASE\spring-context-5.1.8.RELEASE.jar;C:\Users\Administrator.SKY-20171019WTT\.m2\repository\org\springframework\spring-aop\5.1.8.RELEASE\spring-aop-5.1.8.RELEASE.jar;C:\Users\Administrator.SKY-20171019WTT\.m2\repository\org\springframework\spring-beans\5.1.8.RELEASE\spring-beans-5.1.8.RELEASE.jar;C:\Users\Administrator.SKY-20171019WTT\.m2\repository\org\springframework\spring-core\5.1.8.RELEASE\spring-core-5.1.8.RELEASE.jar;C:\Users\Administrator.SKY-20171019WTT\.m2\repository\org\springframework\spring-jcl\5.1.8.RELEASE\spring-jcl-5.1.8.RELEASE.jar;C:\Users\Administrator.SKY-20171019WTT\.m2\repository\org\springframework\spring-expression\5.1.8.RELEASE\spring-expression-5.1.8.RELEASE.jar;C:\Users\Administrator.SKY-20171019WTT\.m2\repository\org\aspectj\aspectjweaver\1.9.4\aspectjweaver-1.9.4.jar;C:\Users\Administrator.SKY-20171019WTT\.m2\repository\org\junit\jupiter\junit-jupiter-api\5.7.2\junit-jupiter-api-5.7.2.jar;C:\Users\Administrator.SKY-20171019WTT\.m2\repository\org\opentest4j\opentest4j\1.2.0\opentest4j-1.2.0.jar;C:\Users\Administrator.SKY-20171019WTT\.m2\repository\org\junit\platform\junit-platform-commons\1.7.2\junit-platform-commons-1.7.2.jar;C:\Users\Administrator.SKY-20171019WTT\.m2\repository\org\junit\jupiter\junit-jupiter-engine\5.7.2\junit-jupiter-engine-5.7.2.jar;C:\Users\Administrator.SKY-20171019WTT\.m2\repository\org\junit\platform\junit-platform-engine\1.7.2\junit-platform-engine-1.7.2.jar;C:\Users\Administrator.SKY-20171019WTT\.m2\repository\org\apache\maven\plugins\maven-compiler-plugin\3.8.1\maven-compiler-plugin-3.8.1.jar;C:\Users\Administrator.SKY-20171019WTT\.m2\repository\org\apache\maven\maven-plugin-api\3.0\maven-plugin-api-3.0.jar;C:\Users\Administrator.SKY-20171019WTT\.m2\repository\org\apache\maven\maven-model\3.0\maven-model-3.0.jar;C:\Users\Administrator.SKY-20171019WTT\.m2\repository\org\sonatype\sisu\sisu-inject-plexus\1.4.2\sisu-inject-plexus-1.4.2.jar;C:\Users\Administrator.SKY-20171019WTT\.m2\repository\org\sonatype\sisu\sisu-inject-bean\1.4.2\sisu-inject-bean-1.4.2.jar;C:\Users\Administrator.SKY-20171019WTT\.m2\repository\org\sonatype\sisu\sisu-guice\2.1.7\sisu-guice-2.1.7-noaop.jar;C:\Users\Administrator.SKY-20171019WTT\.m2\repository\org\apache\maven\maven-artifact\3.0\maven-artifact-3.0.jar;C:\Users\Administrator.SKY-20171019WTT\.m2\repository\org\codehaus\plexus\plexus-utils\2.0.4\plexus-utils-2.0.4.jar;C:\Users\Administrator.SKY-20171019WTT\.m2\repository\org\apache\maven\maven-core\3.0\maven-core-3.0.jar;C:\Users\Administrator.SKY-20171019WTT\.m2\repository\org\apache\maven\maven-settings\3.0\maven-settings-3.0.jar;C:\Users\Administrator.SKY-20171019WTT\.m2\repository\org\apache\maven\maven-settings-builder\3.0\maven-settings-builder-3.0.jar;C:\Users\Administrator.SKY-20171019WTT\.m2\repository\org\apache\maven\maven-repository-metadata\3.0\maven-repository-metadata-3.0.jar;C:\Users\Administrator.SKY-20171019WTT\.m2\repository\org\apache\maven\maven-model-builder\3.0\maven-model-builder-3.0.jar;C:\Users\Administrator.SKY-20171019WTT\.m2\repository\org\apache\maven\maven-aether-provider\3.0\maven-aether-provider-3.0.jar;C:\Users\Administrator.SKY-20171019WTT\.m2\repository\org\sonatype\aether\aether-impl\1.7\aether-impl-1.7.jar;C:\Users\Administrator.SKY-20171019WTT\.m2\repository\org\sonatype\aether\aether-spi\1.7\aether-spi-1.7.jar;C:\Users\Administrator.SKY-20171019WTT\.m2\repository\org\sonatype\aether\aether-api\1.7\aether-api-1.7.jar;C:\Users\Administrator.SKY-20171019WTT\.m2\repository\org\sonatype\aether\aether-util\1.7\aether-util-1.7.jar;C:\Users\Administrator.SKY-20171019WTT\.m2\repository\org\codehaus\plexus\plexus-interpolation\1.14\plexus-interpolation-1.14.jar;C:\Users\Administrator.SKY-20171019WTT\.m2\repository\org\codehaus\plexus\plexus-classworlds\2.2.3\plexus-classworlds-2.2.3.jar;C:\Users\Administrator.SKY-20171019WTT\.m2\repository\org\codehaus\plexus\plexus-component-annotations\1.5.5\plexus-component-annotations-1.5.5.jar;C:\Users\Administrator.SKY-20171019WTT\.m2\repository\org\sonatype\plexus\plexus-sec-dispatcher\1.3\plexus-sec-dispatcher-1.3.jar;C:\Users\Administrator.SKY-20171019WTT\.m2\repository\org\sonatype\plexus\plexus-cipher\1.4\plexus-cipher-1.4.jar;C:\Users\Administrator.SKY-20171019WTT\.m2\repository\org\apache\maven\shared\maven-shared-utils\3.2.1\maven-shared-utils-3.2.1.jar;C:\Users\Administrator.SKY-20171019WTT\.m2\repository\org\apache\maven\shared\maven-shared-incremental\1.1\maven-shared-incremental-1.1.jar;C:\Users\Administrator.SKY-20171019WTT\.m2\repository\org\codehaus\plexus\plexus-java\0.9.10\plexus-java-0.9.10.jar;C:\Users\Administrator.SKY-20171019WTT\.m2\repository\com\thoughtworks\qdox\qdox\2.0-M8\qdox-2.0-M8.jar;C:\Users\Administrator.SKY-20171019WTT\.m2\repository\org\codehaus\plexus\plexus-compiler-api\2.8.4\plexus-compiler-api-2.8.4.jar;C:\Users\Administrator.SKY-20171019WTT\.m2\repository\org\codehaus\plexus\plexus-compiler-manager\2.8.4\plexus-compiler-manager-2.8.4.jar;C:\Users\Administrator.SKY-20171019WTT\.m2\repository\org\codehaus\plexus\plexus-compiler-javac\2.8.4\plexus-compiler-javac-2.8.4.jar;"/>
    <property name="sun.cpu.endian" value="little"/>
    <property name="user.home" value="C:\Users\Administrator.SKY-20171019WTT"/>
    <property name="user.language" value="zh"/>
    <property name="java.specification.vendor" value="Oracle Corporation"/>
    <property name="java.home" value="C:\Program Files\Java\jdk1.8.0_151\jre"/>
    <property name="basedir" value="E:\test_demo"/>
    <property name="file.separator" value="\"/>
    <property name="line.separator" value="&#10;"/>
    <property name="java.vm.specification.vendor" value="Oracle Corporation"/>
    <property name="java.specification.name" value="Java Platform API Specification"/>
    <property name="java.awt.graphicsenv" value="sun.awt.Win32GraphicsEnvironment"/>
    <property name="surefire.real.class.path" value="C:\Users\ADMINI~1.SKY\AppData\Local\Temp\surefire4128952048726713123\surefirebooter8277805004845526583.jar"/>
    <property name="sun.boot.class.path" value="C:\Program Files\Java\jdk1.8.0_151\jre\lib\resources.jar;C:\Program Files\Java\jdk1.8.0_151\jre\lib\rt.jar;C:\Program Files\Java\jdk1.8.0_151\jre\lib\sunrsasign.jar;C:\Program Files\Java\jdk1.8.0_151\jre\lib\jsse.jar;C:\Program Files\Java\jdk1.8.0_151\jre\lib\jce.jar;C:\Program Files\Java\jdk1.8.0_151\jre\lib\charsets.jar;C:\Program Files\Java\jdk1.8.0_151\jre\lib\jfr.jar;C:\Program Files\Java\jdk1.8.0_151\jre\classes"/>
    <property name="user.script" value=""/>
    <property name="sun.management.compiler" value="HotSpot 64-Bit Tiered Compilers"/>
    <property name="java.runtime.version" value="1.8.0_151-b12"/>
    <property name="user.name" value="Administrator"/>
    <property name="path.separator" value=";"/>
    <property name="os.version" value="6.1"/>
    <property name="java.endorsed.dirs" value="C:\Program Files\Java\jdk1.8.0_151\jre\lib\endorsed"/>
    <property name="java.runtime.name" value="Java(TM) SE Runtime Environment"/>
    <property name="file.encoding" value="GBK"/>
    <property name="java.vm.name" value="Java HotSpot(TM) 64-Bit Server VM"/>
    <property name="localRepository" value="C:\Users\Administrator.SKY-20171019WTT\.m2\repository"/>
    <property name="java.vendor.url.bug" value="http://bugreport.sun.com/bugreport/"/>
    <property name="java.io.tmpdir" value="C:\Users\ADMINI~1.SKY\AppData\Local\Temp\"/>
    <property name="java.version" value="1.8.0_151"/>
    <property name="user.dir" value="E:\test_demo"/>
    <property name="os.arch" value="amd64"/>
    <property name="java.vm.specification.name" value="Java Virtual Machine Specification"/>
    <property name="java.awt.printerjob" value="sun.awt.windows.WPrinterJob"/>
    <property name="sun.os.patch.level" value="Service Pack 1"/>
    <property name="java.library.path" value="C:\Program Files\Java\jdk1.8.0_151\jre\bin;C:\windows\Sun\Java\bin;C:\windows\system32;C:\windows;C:\ProgramData\Oracle\Java\javapath;C:\windows\system32;C:\windows;C:\windows\System32\Wbem;C:\windows\System32\WindowsPowerShell\v1.0\;C:\Program Files\Java\jdk1.8.0_151\bin;%HAVA_HOME%\jre\bin;%ANDRIOD_HOME%\tools;%ANDRIOD_HOME%\platform-tools;D:\apache-ant-1.10.3-bin\apache-ant-1.10.3\bin;D:\apache-jmeter-4.0\apache-jmeter-4.0\bin;C:\Program Files\Git\cmd;C:\Program Files\Git\usr\bin;C:\Program Files\nodejs\;C:\Python27;C:\Python27\Scripts;E:\php;E:\Phabricator\arcanist\bin;C:\Program Files\JetBrains\IntelliJ IDEA 2019.2.1\plugins\maven\lib\maven3\bin;E:\neo4j-community-3.5.22\bin;C:\ProgramData\Oracle\Java\javapath;C:\windows\system32;C:\windows;C:\windows\System32\Wbem;C:\windows\System32\WindowsPowerShell\v1.0\;C:\Program Files\Java\jdk1.8.0_151\bin;%HAVA_HOME%\jre\bin;C:\Program Files\TortoiseSVN\bin;D:\adt-bundle-windows-x86_64-20140321\sdk\tools;D:\adt-bundle-windows-x86_64-20140321\sdk\platform-tools;D:\apache-ant-1.10.3-bin\apache-ant-1.10.3\bin;D:\apache-jmeter-4.0\apache-jmeter-4.0\bin;D:\Python37-32;C:\Users\Administrator.SKY-20171019WTT\adb;C:\Users\Administrator.SKY-20171019WTT\AppData\Roaming\npm;C:\Users\Administrator.SKY-20171019WTT\AppData\Local\Programs\Fiddler;C:\Users\Administrator.SKY-20171019WTT\AppData\Local\BypassRuntm;."/>
    <property name="java.vm.info" value="mixed mode"/>
    <property name="java.vendor" value="Oracle Corporation"/>
    <property name="java.vm.version" value="25.151-b12"/>
    <property name="java.ext.dirs" value="C:\Program Files\Java\jdk1.8.0_151\jre\lib\ext;C:\windows\Sun\Java\lib\ext"/>
    <property name="sun.io.unicode.encoding" value="UnicodeLittle"/>
    <property name="java.class.version" value="52.0"/>
  </properties>
  <testcase name="addDefaultSelectedStocks" classname="ui_demo.testcase.TestStock" time="21.433"/>
  <testcase name="addStock{String, String}[1]" classname="ui_demo.testcase.TestStock" time="22.743"/>
</testsuite>